Line : 20  2018-10-09 04:58:12  =>  **** delivery has started ****
Line : 20  2018-10-09 04:58:48  =>  **** delivery has started ****
Line : 20  2018-10-09 04:58:49  =>  RabbitMQ Consume Error : false
Line : 20  2018-10-09 04:58:49  =>  Redis Error : TypeError: Cannot read property 'order_id' of undefined
Line : 20  2018-10-09 04:59:15  =>  **** delivery has started ****
Line : 20  2018-10-09 05:03:36  =>  **** delivery has started ****
Line : 20  2018-10-09 05:05:53  =>  **** delivery has started ****
Line : 20  2018-10-09 05:06:06  =>  **** delivery has started ****
Line : 20  2018-10-09 05:06:55  =>  Redis Fetch Error : SyntaxError: Unexpected token o in JSON at position 1
Line : 20  2018-10-09 05:06:55  =>  Redis Update Error : redis parameter issue
Line : 20  2018-10-09 05:07:34  =>  **** delivery has started ****
Line : 20  2018-10-09 05:07:37  =>  Redis Fetch Error : SyntaxError: Unexpected token o in JSON at position 1
Line : 20  2018-10-09 05:07:37  =>  Redis Update Error : redis parameter issue
Line : 20  2018-10-09 05:08:20  =>  **** delivery has started ****
Line : 20  2018-10-09 05:08:22  =>  Redis Fetch Error : SyntaxError: Unexpected token o in JSON at position 1
Line : 20  2018-10-09 05:08:22  =>  Redis Update Error : redis parameter issue
Line : 20  2018-10-09 05:09:26  =>  **** delivery has started ****
Line : 20  2018-10-09 05:09:30  =>  Redis Fetch Error : SyntaxError: Unexpected token o in JSON at position 1
Line : 20  2018-10-09 05:09:30  =>  Redis Update Error : redis parameter issue
Line : 20  2018-10-09 05:10:01  =>  **** delivery has started ****
Line : 20  2018-10-09 05:10:03  =>  Redis Fetch Error : SyntaxError: Unexpected token o in JSON at position 1
Line : 20  2018-10-09 05:10:03  =>  Redis Update Error : redis parameter issue
Line : 20  2018-10-09 05:10:19  =>  **** delivery has started ****
Line : 20  2018-10-09 05:10:20  =>  RabbitMQ Consume Error : false
Line : 20  2018-10-09 05:10:20  =>  Redis Fetch Error : SyntaxError: Unexpected token o in JSON at position 1
Line : 20  2018-10-09 05:10:20  =>  Redis Update Error : TypeError: Cannot read property 'order_id' of undefined
Line : 20  2018-10-09 05:11:14  =>  **** delivery has started ****
Line : 20  2018-10-09 05:11:54  =>  Redis Fetch Error : SyntaxError: Unexpected token o in JSON at position 1
Line : 20  2018-10-09 05:11:54  =>  Redis Update Error : redis parameter issue
Line : 20  2018-10-09 05:13:22  =>  **** delivery has started ****
Line : 20  2018-10-09 05:14:06  =>  **** delivery has started ****
Line : 20  2018-10-09 05:14:07  =>  RabbitMQ Consume Error : false
Line : 20  2018-10-09 05:14:50  =>  **** delivery has started ****
Line : 20  2018-10-09 05:14:56  =>  Redis Fetch Error : SyntaxError: Unexpected token o in JSON at position 1
Line : 20  2018-10-09 05:14:56  =>  Redis Update Error : redis parameter issue
Line : 20  2018-10-09 05:16:00  =>  **** delivery has started ****
Line : 20  2018-10-09 05:16:01  =>  RabbitMQ Consume Error : false
Line : 20  2018-10-09 05:16:01  =>  Redis Fetch Error : SyntaxError: Unexpected token o in JSON at position 1
Line : 20  2018-10-09 05:16:01  =>  Redis Update Error : TypeError: Cannot read property 'order_id' of undefined
Line : 20  2018-10-09 05:16:05  =>  Redis Fetch Error : SyntaxError: Unexpected token o in JSON at position 1
Line : 20  2018-10-09 05:16:05  =>  Redis Update Error : redis parameter issue
Line : 20  2018-10-09 05:16:34  =>  Redis Fetch Error : SyntaxError: Unexpected token o in JSON at position 1
Line : 20  2018-10-09 05:16:34  =>  Redis Update Error : redis parameter issue
Line : 20  2018-10-09 05:16:47  =>  **** delivery has started ****
Line : 20  2018-10-09 05:16:49  =>  Redis Fetch Error : SyntaxError: Unexpected token o in JSON at position 1
Line : 20  2018-10-09 05:16:49  =>  Redis Update Error : redis parameter issue
Line : 20  2018-10-09 05:17:17  =>  **** delivery has started ****
Line : 20  2018-10-09 05:17:46  =>  **** delivery has started ****
Line : 20  2018-10-09 05:18:44  =>  **** delivery has started ****
Line : 20  2018-10-09 05:19:22  =>  **** delivery has started ****
Line : 20  2018-10-09 05:22:43  =>  **** delivery has started ****
Line : 20  2018-10-09 05:26:07  =>  **** delivery has started ****
Line : 20  2018-10-09 05:26:43  =>  **** delivery has started ****
Line : 20  2018-10-09 05:29:53  =>  **** delivery has started ****
Line : 20  2018-10-09 05:33:50  =>  **** delivery has started ****
Line : 20  2018-10-09 05:33:51  =>  RabbitMQ Consume Error : false
Line : 20  2018-10-09 05:33:51  =>  Redis Update Error : TypeError: Cannot read property 'order_id' of undefined
Line : 20  2018-10-09 05:35:25  =>  **** delivery has started ****
Line : 20  2018-10-09 05:38:36  =>  **** delivery has started ****
Line : 20  2018-10-09 05:40:04  =>  **** delivery has started ****
Line : 20  2018-10-09 05:40:09  =>  **** delivery has started ****
Line : 20  2018-10-09 05:40:10  =>  RabbitMQ Consume Error : false
Line : 20  2018-10-09 05:40:10  =>  Redis Update Error : redis parameter issue
Line : 20  2018-10-09 05:40:29  =>  **** delivery has started ****
Line : 20  2018-10-10 00:21:44  =>  **** delivery has started ****
Line : 20  2018-10-10 00:23:44  =>  Redis Fetch Error : TypeError: inputForRedis is not a function
Line : 20  2018-10-10 00:23:55  =>  Redis Fetch Error : TypeError: inputForRedis is not a function
Line : 20  2018-10-10 00:23:58  =>  Redis Fetch Error : TypeError: inputForRedis is not a function
Line : 20  2018-10-10 00:24:02  =>  Redis Fetch Error : TypeError: inputForRedis is not a function
Line : 20  2018-10-10 00:24:05  =>  Redis Fetch Error : TypeError: inputForRedis is not a function
Line : 20  2018-10-10 00:24:08  =>  Redis Fetch Error : TypeError: inputForRedis is not a function
Line : 20  2018-10-10 00:24:47  =>  **** delivery has started ****
Line : 20  2018-10-10 00:25:35  =>  **** delivery has started ****
Line : 20  2018-10-10 00:33:24  =>  **** delivery has started ****
Line : 20  2018-10-10 00:33:25  =>  RabbitMQ Consume Error : false
Line : 20  2018-10-10 00:33:25  =>  Redis Update Error : redis parameter issue
Line : 20  2018-10-10 00:47:04  =>  **** delivery has started ****
Line : 20  2018-10-10 00:47:05  =>  RabbitMQ Consume Error : rabbitmq connection undefined
Line : 20  2018-10-10 00:47:05  =>  Redis Update Error : redis parameter issue
Line : 20  2018-10-10 00:48:34  =>  **** delivery has started ****
Line : 20  2018-10-10 00:49:08  =>  **** delivery has started ****
Line : 20  2018-10-10 00:50:26  =>  **** delivery has started ****
Line : 20  2018-10-10 00:50:27  =>  RabbitMQ Consume Error : rabbitmq connection undefined
Line : 20  2018-10-10 00:50:27  =>  Redis Update Error : redis parameter issue
Line : 20  2018-10-10 00:52:34  =>  **** delivery has started ****
Line : 20  2018-10-10 00:53:09  =>  **** delivery has started ****
Line : 20  2018-10-10 00:54:51  =>  **** delivery has started ****
Line : 20  2018-10-10 00:56:20  =>  **** delivery has started ****
Line : 20  2018-10-10 00:58:21  =>  **** delivery has started ****
Line : 20  2018-10-10 00:59:08  =>  **** delivery has started ****
Line : 20  2018-10-10 00:59:14  =>  **** delivery has started ****
Line : 20  2018-10-10 01:02:20  =>  **** delivery has started ****
Line : 20  2018-10-10 01:06:41  =>  **** delivery has started ****
Line : 20  2018-10-10 01:06:42  =>  RabbitMQ Consume Error : rabbitmq connection undefined
Line : 20  2018-10-10 01:06:42  =>  Redis Update Error : redis parameter issue
Line : 20  2018-10-10 01:06:55  =>  **** delivery has started ****
Line : 20  2018-10-10 01:08:59  =>  **** delivery has started ****
Line : 20  2018-10-10 01:10:10  =>  **** delivery has started ****
Line : 20  2018-10-10 01:11:31  =>  **** delivery has started ****
Line : 20  2018-10-10 01:12:22  =>  **** delivery has started ****
Line : 20  2018-10-10 01:28:47  =>  **** delivery has started ****
Line : 20  2018-10-10 01:29:57  =>  **** delivery has started ****
Line : 20  2018-10-10 01:30:28  =>  **** delivery has started ****
Line : 20  2018-10-10 01:41:24  =>  **** delivery has started ****
Line : 20  2018-10-10 01:53:49  =>  **** delivery has started ****
Line : 20  2018-10-10 01:55:03  =>  **** delivery has started ****
Line : 20  2018-10-10 01:56:08  =>  **** delivery has started ****
Line : 20  2018-10-10 01:57:02  =>  **** delivery has started ****
Line : 20  2018-10-10 01:57:03  =>  RabbitMQ Consume Error : rabbitmq connection undefined
Line : 20  2018-10-10 01:57:03  =>  Redis Update Error : redis parameter issue
Line : 20  2018-10-10 01:58:33  =>  **** delivery has started ****
Line : 20  2018-10-10 01:58:39  =>  **** delivery has started ****
Line : 20  2018-10-10 02:01:08  =>  **** delivery has started ****
Line : 20  2018-10-10 02:01:20  =>  Redis Update Error : ReplyError: ERR wrong number of arguments for HMSET
Line : 20  2018-10-10 02:02:50  =>  **** delivery has started ****
Line : 20  2018-10-10 02:03:09  =>  **** delivery has started ****
Line : 20  2018-10-10 02:03:19  =>  Redis Update Error : ReplyError: ERR wrong number of arguments for HMSET
Line : 20  2018-10-10 02:11:24  =>  **** delivery has started ****
Line : 20  2018-10-10 02:14:51  =>  **** delivery has started ****
Line : 20  2018-10-10 02:15:22  =>  **** delivery has started ****
Line : 20  2018-10-10 02:16:12  =>  **** delivery has started ****
Line : 20  2018-10-10 02:17:21  =>  **** delivery has started ****
Line : 20  2018-10-10 02:17:32  =>  **** delivery has started ****
Line : 20  2018-10-10 02:18:12  =>  **** delivery has started ****
Line : 20  2018-10-10 02:20:59  =>  **** delivery has started ****
Line : 20  2018-10-10 02:21:54  =>  **** delivery has started ****
Line : 20  2018-10-10 02:22:14  =>  **** delivery has started ****
Line : 20  2018-10-10 02:22:31  =>  **** delivery has started ****
Line : 20  2018-10-10 02:24:28  =>  **** delivery has started ****
Line : 20  2018-10-10 02:25:21  =>  **** delivery has started ****
Line : 20  2018-10-10 02:26:40  =>  **** delivery has started ****
Line : 20  2018-10-10 02:27:09  =>  **** delivery has started ****
Line : 20  2018-10-10 02:27:10  =>  RabbitMQ Consume Error : rabbitmq connection undefined
Line : 20  2018-10-10 02:27:38  =>  **** delivery has started ****
Line : 20  2018-10-10 02:27:39  =>  RabbitMQ Consume Error : rabbitmq connection undefined
Line : 20  2018-10-10 02:27:44  =>  **** delivery has started ****
Line : 20  2018-10-10 02:27:45  =>  RabbitMQ Consume Error : rabbitmq connection undefined
Line : 20  2018-10-10 02:36:14  =>  **** delivery has started ****
Line : 20  2018-10-10 02:36:15  =>  RabbitMQ Consume Error : rabbitmq connection undefined
Line : 20  2018-10-10 02:37:01  =>  **** delivery has started ****
Line : 20  2018-10-10 02:38:19  =>  **** delivery has started ****
Line : 20  2018-10-10 02:38:43  =>  **** delivery has started ****
Line : 20  2018-10-10 02:38:44  =>  RabbitMQ Consume Error : rabbitmq connection undefined
Line : 20  2018-10-10 02:38:44  =>  Redis Update Error : redis parameter issue
Line : 20  2018-10-10 02:38:48  =>  **** delivery has started ****
Line : 20  2018-10-10 02:38:49  =>  RabbitMQ Consume Error : rabbitmq connection undefined
Line : 20  2018-10-10 02:38:49  =>  Redis Update Error : redis parameter issue
Line : 20  2018-10-10 02:39:10  =>  **** delivery has started ****
Line : 20  2018-10-10 02:42:57  =>  **** delivery has started ****
Line : 20  2018-10-10 02:46:42  =>  **** delivery has started ****
Line : 20  2018-10-10 02:47:32  =>  **** delivery has started ****
Line : 20  2018-10-10 02:50:57  =>  **** delivery has started ****
Line : 20  2018-10-10 02:50:58  =>  RabbitMQ Consume Error : rabbitmq connection undefined
Line : 20  2018-10-10 02:51:05  =>  **** delivery has started ****
Line : 20  2018-10-10 02:51:17  =>  **** delivery has started ****
Line : 20  2018-10-10 02:52:41  =>  **** delivery has started ****
Line : 20  2018-10-10 02:53:23  =>  **** delivery has started ****
Line : 20  2018-10-10 02:54:44  =>  **** delivery has started ****
Line : 20  2018-10-10 02:56:25  =>  **** delivery has started ****
Line : 20  2018-10-10 02:56:30  =>  **** delivery has started ****
Line : 20  2018-10-10 02:56:31  =>  RabbitMQ Consume Error : rabbitmq connection undefined
Line : 20  2018-10-10 02:57:03  =>  **** delivery has started ****
Line : 20  2018-10-10 02:57:04  =>  RabbitMQ Consume Error : rabbitmq connection undefined
Line : 20  2018-10-10 02:57:14  =>  **** delivery has started ****
Line : 20  2018-10-10 02:57:35  =>  **** delivery has started ****
Line : 20  2018-10-10 02:58:13  =>  **** delivery has started ****
Line : 20  2018-10-10 02:58:14  =>  RabbitMQ Consume Error : rabbitmq connection undefined
Line : 20  2018-10-10 02:58:36  =>  **** delivery has started ****
Line : 20  2018-10-10 02:58:37  =>  RabbitMQ Consume Error : rabbitmq connection undefined
Line : 20  2018-10-10 02:58:59  =>  **** delivery has started ****
Line : 20  2018-10-10 02:59:00  =>  RabbitMQ Consume Error : rabbitmq connection undefined
Line : 20  2018-10-10 02:59:30  =>  **** delivery has started ****
Line : 20  2018-10-10 02:59:35  =>  Redis Fetch Error : ReferenceError: chooseAgent is not defined
Line : 20  2018-10-10 03:00:25  =>  **** delivery has started ****
Line : 20  2018-10-10 03:02:33  =>  **** delivery has started ****
Line : 20  2018-10-10 03:02:47  =>  **** delivery has started ****
Line : 20  2018-10-10 03:03:40  =>  **** delivery has started ****
Line : 20  2018-10-10 03:04:35  =>  **** delivery has started ****
Line : 20  2018-10-10 03:06:02  =>  **** delivery has started ****
Line : 20  2018-10-10 03:09:30  =>  **** delivery has started ****
Line : 20  2018-10-10 03:18:33  =>  **** delivery has started ****
